
> jsnes@0.0.0 build
> vite build

vite v6.4.1 building for production...
transforming...
✓ 18 modules transformed.
rendering chunks...
computing gzip size...
dist/index.html                 1.19 kB │ gzip:  0.43 kB
dist/assets/index-6nPpqUvr.js  42.80 kB │ gzip: 11.38 kB
✓ built in 110ms
assets
index.html
rom

dist/assets:
index-6nPpqUvr.js

dist/rom:
dq1.nes
dq3.nes
dq4.nes
druaga.nes
ff1.nes
ff3.nes
gigazombie.nes
kirby.nes
knightgundam.nes
mappyland.nes
mario1.nes
mario3.nes
mother.nes
portopia.nes
rockman.nes
rockman2.nes
spelunker.nes
takahashi.nes
xevious.nes
